2026-02-12 08:11:55.630 WARNING (Recorder) [homeassistant.components.recorder.util] The system could not validate that the sqlite3 database at //config/home-assistant_v2.db was shutdown cleanly
2026-02-12 08:11:55.641 WARNING (Recorder) [homeassistant.components.recorder.util] Ended unfinished session (id=3 from 2026-02-12 07:41:25.926158)
2026-02-12 08:11:56.485 ERROR (MainThread) [homeassistant.components.github] Bad credentials
Traceback (most recent call last):
  File "/usr/src/homeassistant/homeassistant/components/github/coordinator.py", line 136, in _async_update_data
    response = await self._client.graphql(
               ^^^^^^^^^^^^^^^^^^^^^^^^^^^
    ...<2 lines>...
    )
    ^
  File "/usr/local/lib/python3.13/site-packages/aiogithubapi/github.py", line 255, in graphql
    return await self._client.async_call_api(
           ^^^^^^^^^^^^^^^^^^^^^^^^^^^^^^^^^^
    ...<4 lines>...
    )
    ^
  File "/usr/local/lib/python3.13/site-packages/aiogithubapi/client.py", line 182, in async_call_api
    raise exception(message or response.data)
aiogithubapi.exceptions.GitHubAuthenticationException: Bad credentials
2026-02-12 08:11:57.175 ERROR (MainThread) [homeassistant.components.github] Bad credentials
Traceback (most recent call last):
  File "/usr/src/homeassistant/homeassistant/components/github/coordinator.py", line 136, in _async_update_data
    response = await self._client.graphql(
               ^^^^^^^^^^^^^^^^^^^^^^^^^^^
    ...<2 lines>...
    )
    ^
  File "/usr/local/lib/python3.13/site-packages/aiogithubapi/github.py", line 255, in graphql
    return await self._client.async_call_api(
           ^^^^^^^^^^^^^^^^^^^^^^^^^^^^^^^^^^
    ...<4 lines>...
    )
    ^
  File "/usr/local/lib/python3.13/site-packages/aiogithubapi/client.py", line 182, in async_call_api
    raise exception(message or response.data)
aiogithubapi.exceptions.GitHubAuthenticationException: Bad credentials
2026-02-12 08:12:07.752 ERROR (MainThread) [homeassistant.components.github] Bad credentials
Traceback (most recent call last):
  File "/usr/src/homeassistant/homeassistant/components/github/coordinator.py", line 136, in _async_update_data
    response = await self._client.graphql(
               ^^^^^^^^^^^^^^^^^^^^^^^^^^^
    ...<2 lines>...
    )
    ^
  File "/usr/local/lib/python3.13/site-packages/aiogithubapi/github.py", line 255, in graphql
    return await self._client.async_call_api(
           ^^^^^^^^^^^^^^^^^^^^^^^^^^^^^^^^^^
    ...<4 lines>...
    )
    ^
  File "/usr/local/lib/python3.13/site-packages/aiogithubapi/client.py", line 182, in async_call_api
    raise exception(message or response.data)
aiogithubapi.exceptions.GitHubAuthenticationException: Bad credentials
2026-02-12 08:12:28.474 ERROR (MainThread) [homeassistant.components.github] Bad credentials
Traceback (most recent call last):
  File "/usr/src/homeassistant/homeassistant/components/github/coordinator.py", line 136, in _async_update_data
    response = await self._client.graphql(
               ^^^^^^^^^^^^^^^^^^^^^^^^^^^
    ...<2 lines>...
    )
    ^
  File "/usr/local/lib/python3.13/site-packages/aiogithubapi/github.py", line 255, in graphql
    return await self._client.async_call_api(
           ^^^^^^^^^^^^^^^^^^^^^^^^^^^^^^^^^^
    ...<4 lines>...
    )
    ^
  File "/usr/local/lib/python3.13/site-packages/aiogithubapi/client.py", line 182, in async_call_api
    raise exception(message or response.data)
aiogithubapi.exceptions.GitHubAuthenticationException: Bad credentials
2026-02-12 08:13:09.016 ERROR (MainThread) [homeassistant.components.github] Bad credentials
Traceback (most recent call last):
  File "/usr/src/homeassistant/homeassistant/components/github/coordinator.py", line 136, in _async_update_data
    response = await self._client.graphql(
               ^^^^^^^^^^^^^^^^^^^^^^^^^^^
    ...<2 lines>...
    )
    ^
  File "/usr/local/lib/python3.13/site-packages/aiogithubapi/github.py", line 255, in graphql
    return await self._client.async_call_api(
           ^^^^^^^^^^^^^^^^^^^^^^^^^^^^^^^^^^
    ...<4 lines>...
    )
    ^
  File "/usr/local/lib/python3.13/site-packages/aiogithubapi/client.py", line 182, in async_call_api
    raise exception(message or response.data)
aiogithubapi.exceptions.GitHubAuthenticationException: Bad credentials
2026-02-12 08:14:29.585 ERROR (MainThread) [homeassistant.components.github] Bad credentials
Traceback (most recent call last):
  File "/usr/src/homeassistant/homeassistant/components/github/coordinator.py", line 136, in _async_update_data
    response = await self._client.graphql(
               ^^^^^^^^^^^^^^^^^^^^^^^^^^^
    ...<2 lines>...
    )
    ^
  File "/usr/local/lib/python3.13/site-packages/aiogithubapi/github.py", line 255, in graphql
    return await self._client.async_call_api(
           ^^^^^^^^^^^^^^^^^^^^^^^^^^^^^^^^^^
    ...<4 lines>...
    )
    ^
  File "/usr/local/lib/python3.13/site-packages/aiogithubapi/client.py", line 182, in async_call_api
    raise exception(message or response.data)
aiogithubapi.exceptions.GitHubAuthenticationException: Bad credentials
2026-02-12 08:15:50.326 ERROR (MainThread) [homeassistant.components.github] Bad credentials
Traceback (most recent call last):
  File "/usr/src/homeassistant/homeassistant/components/github/coordinator.py", line 136, in _async_update_data
    response = await self._client.graphql(
               ^^^^^^^^^^^^^^^^^^^^^^^^^^^
    ...<2 lines>...
    )
    ^
  File "/usr/local/lib/python3.13/site-packages/aiogithubapi/github.py", line 255, in graphql
    return await self._client.async_call_api(
           ^^^^^^^^^^^^^^^^^^^^^^^^^^^^^^^^^^
    ...<4 lines>...
    )
    ^
  File "/usr/local/lib/python3.13/site-packages/aiogithubapi/client.py", line 182, in async_call_api
    raise exception(message or response.data)
aiogithubapi.exceptions.GitHubAuthenticationException: Bad credentials
